2022-04-03 22:13:33,538 INFO    MainThread:18512 [internal.py:wandb_internal():87] W&B internal server running at pid: 18512, started at: 2022-04-03 22:13:33.537373
2022-04-03 22:13:33,541 INFO    WriterThread:18512 [datastore.py:open_for_write():77] open: C:\Users\mahdi\Desktop\Github_Work\1\RSNA-Bone-Age\wandb\run-20220403_221331-1ocvzh9u\run-1ocvzh9u.wandb
2022-04-03 22:13:33,541 DEBUG   HandlerThread:18512 [handler.py:handle_request():130] handle_request: check_version
2022-04-03 22:13:33,543 DEBUG   SenderThread:18512 [sender.py:send():234] send: header
2022-04-03 22:13:33,543 DEBUG   SenderThread:18512 [sender.py:send_request():248] send_request: check_version
2022-04-03 22:13:38,554 DEBUG   SenderThread:18512 [sender.py:send():234] send: run
2022-04-03 22:13:40,897 INFO    SenderThread:18512 [dir_watcher.py:__init__():169] watching files in: C:\Users\mahdi\Desktop\Github_Work\1\RSNA-Bone-Age\wandb\run-20220403_221331-1ocvzh9u\files
2022-04-03 22:13:40,898 INFO    SenderThread:18512 [sender.py:_start_run_threads():804] run started: 1ocvzh9u with start time 1649007811
2022-04-03 22:13:40,898 DEBUG   SenderThread:18512 [sender.py:send():234] send: summary
2022-04-03 22:13:40,898 DEBUG   HandlerThread:18512 [handler.py:handle_request():130] handle_request: run_start
2022-04-03 22:13:40,899 INFO    SenderThread:18512 [sender.py:_save_file():939] saving file wandb-summary.json with policy end
2022-04-03 22:13:40,923 DEBUG   HandlerThread:18512 [meta.py:__init__():40] meta init
2022-04-03 22:13:40,923 DEBUG   HandlerThread:18512 [meta.py:__init__():54] meta init done
2022-04-03 22:13:40,923 DEBUG   HandlerThread:18512 [meta.py:probe():214] probe
2022-04-03 22:13:40,990 DEBUG   HandlerThread:18512 [meta.py:_setup_git():204] setup git
2022-04-03 22:13:41,095 DEBUG   HandlerThread:18512 [meta.py:_setup_git():211] setup git done
2022-04-03 22:13:41,095 DEBUG   HandlerThread:18512 [meta.py:_save_pip():58] save pip
2022-04-03 22:13:41,096 DEBUG   HandlerThread:18512 [meta.py:_save_pip():72] save pip done
2022-04-03 22:13:41,096 DEBUG   HandlerThread:18512 [meta.py:probe():252] probe done
2022-04-03 22:13:41,102 DEBUG   SenderThread:18512 [sender.py:send():234] send: files
2022-04-03 22:13:41,103 INFO    SenderThread:18512 [sender.py:_save_file():939] saving file wandb-metadata.json with policy now
2022-04-03 22:13:41,116 DEBUG   HandlerThread:18512 [handler.py:handle_request():130] handle_request: stop_status
2022-04-03 22:13:41,117 DEBUG   SenderThread:18512 [sender.py:send_request():248] send_request: stop_status
2022-04-03 22:13:41,912 INFO    Thread-12 :18512 [dir_watcher.py:_on_file_created():217] file/dir created: C:\Users\mahdi\Desktop\Github_Work\1\RSNA-Bone-Age\wandb\run-20220403_221331-1ocvzh9u\files\wandb-metadata.json
2022-04-03 22:13:41,912 INFO    Thread-12 :18512 [dir_watcher.py:_on_file_created():217] file/dir created: C:\Users\mahdi\Desktop\Github_Work\1\RSNA-Bone-Age\wandb\run-20220403_221331-1ocvzh9u\files\output.log
2022-04-03 22:13:41,912 INFO    Thread-12 :18512 [dir_watcher.py:_on_file_created():217] file/dir created: C:\Users\mahdi\Desktop\Github_Work\1\RSNA-Bone-Age\wandb\run-20220403_221331-1ocvzh9u\files\requirements.txt
2022-04-03 22:13:41,913 INFO    Thread-12 :18512 [dir_watcher.py:_on_file_created():217] file/dir created: C:\Users\mahdi\Desktop\Github_Work\1\RSNA-Bone-Age\wandb\run-20220403_221331-1ocvzh9u\files\wandb-summary.json
2022-04-03 22:13:43,930 INFO    Thread-12 :18512 [dir_watcher.py:_on_file_modified():230] file/dir modified: C:\Users\mahdi\Desktop\Github_Work\1\RSNA-Bone-Age\wandb\run-20220403_221331-1ocvzh9u\files\output.log
2022-04-03 22:13:43,993 DEBUG   SenderThread:18512 [sender.py:send():234] send: config
2022-04-03 22:13:47,099 INFO    Thread-17 :18512 [upload_job.py:push():137] Uploaded file C:\Users\mahdi\AppData\Local\Temp\tmp9o1ov7kdwandb\3h2ty3an-wandb-metadata.json
2022-04-03 22:13:56,629 DEBUG   SenderThread:18512 [sender.py:send():234] send: history
2022-04-03 22:13:56,629 DEBUG   SenderThread:18512 [sender.py:send():234] send: summary
2022-04-03 22:13:56,632 INFO    SenderThread:18512 [sender.py:_save_file():939] saving file wandb-summary.json with policy end
2022-04-03 22:13:56,867 DEBUG   SenderThread:18512 [sender.py:send():234] send: history
2022-04-03 22:13:56,868 DEBUG   SenderThread:18512 [sender.py:send():234] send: summary
2022-04-03 22:13:56,869 INFO    SenderThread:18512 [sender.py:_save_file():939] saving file wandb-summary.json with policy end
2022-04-03 22:13:57,069 INFO    Thread-12 :18512 [dir_watcher.py:_on_file_modified():230] file/dir modified: C:\Users\mahdi\Desktop\Github_Work\1\RSNA-Bone-Age\wandb\run-20220403_221331-1ocvzh9u\files\wandb-summary.json
2022-04-03 22:13:57,107 DEBUG   SenderThread:18512 [sender.py:send():234] send: history
2022-04-03 22:13:57,107 DEBUG   SenderThread:18512 [sender.py:send():234] send: summary
2022-04-03 22:13:57,108 INFO    SenderThread:18512 [sender.py:_save_file():939] saving file wandb-summary.json with policy end
2022-04-03 22:13:57,343 DEBUG   SenderThread:18512 [sender.py:send():234] send: history
2022-04-03 22:13:57,343 DEBUG   SenderThread:18512 [sender.py:send():234] send: summary
2022-04-03 22:13:57,344 INFO    SenderThread:18512 [sender.py:_save_file():939] saving file wandb-summary.json with policy end
2022-04-03 22:13:57,579 DEBUG   SenderThread:18512 [sender.py:send():234] send: history
2022-04-03 22:13:57,579 DEBUG   SenderThread:18512 [sender.py:send():234] send: summary
2022-04-03 22:13:57,580 INFO    SenderThread:18512 [sender.py:_save_file():939] saving file wandb-summary.json with policy end
2022-04-03 22:13:57,815 DEBUG   SenderThread:18512 [sender.py:send():234] send: history
2022-04-03 22:13:57,816 DEBUG   SenderThread:18512 [sender.py:send():234] send: summary
2022-04-03 22:13:57,817 INFO    SenderThread:18512 [sender.py:_save_file():939] saving file wandb-summary.json with policy end
2022-04-03 22:13:58,051 DEBUG   SenderThread:18512 [sender.py:send():234] send: history
2022-04-03 22:13:58,052 DEBUG   SenderThread:18512 [sender.py:send():234] send: summary
2022-04-03 22:13:58,053 INFO    SenderThread:18512 [sender.py:_save_file():939] saving file wandb-summary.json with policy end
2022-04-03 22:13:58,070 INFO    Thread-12 :18512 [dir_watcher.py:_on_file_modified():230] file/dir modified: C:\Users\mahdi\Desktop\Github_Work\1\RSNA-Bone-Age\wandb\run-20220403_221331-1ocvzh9u\files\output.log
2022-04-03 22:13:58,070 INFO    Thread-12 :18512 [dir_watcher.py:_on_file_modified():230] file/dir modified: C:\Users\mahdi\Desktop\Github_Work\1\RSNA-Bone-Age\wandb\run-20220403_221331-1ocvzh9u\files\wandb-summary.json
2022-04-03 22:13:58,289 DEBUG   SenderThread:18512 [sender.py:send():234] send: history
2022-04-03 22:13:58,289 DEBUG   SenderThread:18512 [sender.py:send():234] send: summary
2022-04-03 22:13:58,290 INFO    SenderThread:18512 [sender.py:_save_file():939] saving file wandb-summary.json with policy end
2022-04-03 22:13:58,527 DEBUG   SenderThread:18512 [sender.py:send():234] send: history
2022-04-03 22:13:58,527 DEBUG   SenderThread:18512 [sender.py:send():234] send: summary
2022-04-03 22:13:58,528 INFO    SenderThread:18512 [sender.py:_save_file():939] saving file wandb-summary.json with policy end
2022-04-03 22:13:58,766 DEBUG   SenderThread:18512 [sender.py:send():234] send: history
2022-04-03 22:13:58,767 DEBUG   SenderThread:18512 [sender.py:send():234] send: summary
2022-04-03 22:13:58,768 INFO    SenderThread:18512 [sender.py:_save_file():939] saving file wandb-summary.json with policy end
2022-04-03 22:13:59,004 DEBUG   SenderThread:18512 [sender.py:send():234] send: history
2022-04-03 22:13:59,005 DEBUG   SenderThread:18512 [sender.py:send():234] send: summary
2022-04-03 22:13:59,005 DEBUG   HandlerThread:18512 [handler.py:handle_request():130] handle_request: stop_status
2022-04-03 22:13:59,006 INFO    SenderThread:18512 [sender.py:_save_file():939] saving file wandb-summary.json with policy end
2022-04-03 22:13:59,006 DEBUG   SenderThread:18512 [sender.py:send_request():248] send_request: stop_status
2022-04-03 22:13:59,083 INFO    Thread-12 :18512 [dir_watcher.py:_on_file_modified():230] file/dir modified: C:\Users\mahdi\Desktop\Github_Work\1\RSNA-Bone-Age\wandb\run-20220403_221331-1ocvzh9u\files\wandb-summary.json
2022-04-03 22:14:00,098 INFO    Thread-12 :18512 [dir_watcher.py:_on_file_modified():230] file/dir modified: C:\Users\mahdi\Desktop\Github_Work\1\RSNA-Bone-Age\wandb\run-20220403_221331-1ocvzh9u\files\output.log
2022-04-03 22:14:02,104 INFO    Thread-12 :18512 [dir_watcher.py:_on_file_modified():230] file/dir modified: C:\Users\mahdi\Desktop\Github_Work\1\RSNA-Bone-Age\wandb\run-20220403_221331-1ocvzh9u\files\output.log
2022-04-03 22:14:02,761 WARNING MainThread:18512 [internal.py:wandb_internal():146] Internal process interrupt: 1
2022-04-03 22:14:03,586 DEBUG   HandlerThread:18512 [handler.py:handle_request():130] handle_request: poll_exit
2022-04-03 22:14:04,132 INFO    Thread-12 :18512 [dir_watcher.py:_on_file_modified():230] file/dir modified: C:\Users\mahdi\Desktop\Github_Work\1\RSNA-Bone-Age\wandb\run-20220403_221331-1ocvzh9u\files\output.log
2022-04-03 22:14:08,697 DEBUG   HandlerThread:18512 [handler.py:handle_request():130] handle_request: poll_exit
2022-04-03 22:14:13,816 DEBUG   HandlerThread:18512 [handler.py:handle_request():130] handle_request: poll_exit
2022-04-03 22:14:18,929 DEBUG   HandlerThread:18512 [handler.py:handle_request():130] handle_request: poll_exit
2022-04-03 22:14:24,042 DEBUG   HandlerThread:18512 [handler.py:handle_request():130] handle_request: poll_exit
2022-04-03 22:14:29,162 DEBUG   HandlerThread:18512 [handler.py:handle_request():130] handle_request: poll_exit
2022-04-03 22:14:34,285 DEBUG   HandlerThread:18512 [handler.py:handle_request():130] handle_request: poll_exit
2022-04-03 22:14:39,394 DEBUG   HandlerThread:18512 [handler.py:handle_request():130] handle_request: poll_exit
2022-04-03 22:14:44,505 DEBUG   HandlerThread:18512 [handler.py:handle_request():130] handle_request: poll_exit
2022-04-03 22:14:46,317 DEBUG   SenderThread:18512 [sender.py:send():234] send: history
2022-04-03 22:14:46,318 DEBUG   SenderThread:18512 [sender.py:send():234] send: summary
2022-04-03 22:14:46,318 INFO    SenderThread:18512 [sender.py:_save_file():939] saving file wandb-summary.json with policy end
2022-04-03 22:14:46,319 DEBUG   SenderThread:18512 [sender.py:send():234] send: history
2022-04-03 22:14:46,319 DEBUG   SenderThread:18512 [sender.py:send():234] send: summary
2022-04-03 22:14:46,319 INFO    SenderThread:18512 [sender.py:_save_file():939] saving file wandb-summary.json with policy end
2022-04-03 22:14:46,320 DEBUG   SenderThread:18512 [sender.py:send():234] send: history
2022-04-03 22:14:46,320 DEBUG   SenderThread:18512 [sender.py:send():234] send: summary
2022-04-03 22:14:46,321 INFO    SenderThread:18512 [sender.py:_save_file():939] saving file wandb-summary.json with policy end
2022-04-03 22:14:46,321 DEBUG   SenderThread:18512 [sender.py:send():234] send: history
2022-04-03 22:14:46,322 DEBUG   SenderThread:18512 [sender.py:send():234] send: summary
2022-04-03 22:14:46,322 INFO    SenderThread:18512 [sender.py:_save_file():939] saving file wandb-summary.json with policy end
2022-04-03 22:14:46,323 DEBUG   SenderThread:18512 [sender.py:send():234] send: history
2022-04-03 22:14:46,323 DEBUG   SenderThread:18512 [sender.py:send():234] send: summary
2022-04-03 22:14:46,324 INFO    SenderThread:18512 [sender.py:_save_file():939] saving file wandb-summary.json with policy end
2022-04-03 22:14:46,324 DEBUG   SenderThread:18512 [sender.py:send():234] send: history
2022-04-03 22:14:46,324 DEBUG   SenderThread:18512 [sender.py:send():234] send: summary
2022-04-03 22:14:46,325 INFO    SenderThread:18512 [sender.py:_save_file():939] saving file wandb-summary.json with policy end
2022-04-03 22:14:46,325 DEBUG   SenderThread:18512 [sender.py:send():234] send: history
2022-04-03 22:14:46,325 DEBUG   SenderThread:18512 [sender.py:send():234] send: summary
2022-04-03 22:14:46,326 INFO    SenderThread:18512 [sender.py:_save_file():939] saving file wandb-summary.json with policy end
2022-04-03 22:14:46,326 DEBUG   SenderThread:18512 [sender.py:send():234] send: history
2022-04-03 22:14:46,327 DEBUG   SenderThread:18512 [sender.py:send():234] send: summary
2022-04-03 22:14:46,327 INFO    SenderThread:18512 [sender.py:_save_file():939] saving file wandb-summary.json with policy end
2022-04-03 22:14:46,327 DEBUG   SenderThread:18512 [sender.py:send():234] send: history
2022-04-03 22:14:46,328 DEBUG   SenderThread:18512 [sender.py:send():234] send: summary
2022-04-03 22:14:46,328 INFO    SenderThread:18512 [sender.py:_save_file():939] saving file wandb-summary.json with policy end
2022-04-03 22:14:46,329 DEBUG   SenderThread:18512 [sender.py:send():234] send: history
2022-04-03 22:14:46,329 DEBUG   SenderThread:18512 [sender.py:send():234] send: summary
2022-04-03 22:14:46,330 INFO    SenderThread:18512 [sender.py:_save_file():939] saving file wandb-summary.json with policy end
2022-04-03 22:14:46,330 DEBUG   SenderThread:18512 [sender.py:send():234] send: history
2022-04-03 22:14:46,330 DEBUG   SenderThread:18512 [sender.py:send():234] send: summary
2022-04-03 22:14:46,331 INFO    SenderThread:18512 [sender.py:_save_file():939] saving file wandb-summary.json with policy end
2022-04-03 22:14:46,331 DEBUG   SenderThread:18512 [sender.py:send():234] send: history
2022-04-03 22:14:46,332 DEBUG   SenderThread:18512 [sender.py:send():234] send: summary
2022-04-03 22:14:46,333 INFO    SenderThread:18512 [sender.py:_save_file():939] saving file wandb-summary.json with policy end
2022-04-03 22:14:46,333 DEBUG   SenderThread:18512 [sender.py:send():234] send: history
2022-04-03 22:14:46,333 DEBUG   SenderThread:18512 [sender.py:send():234] send: summary
2022-04-03 22:14:46,334 INFO    SenderThread:18512 [sender.py:_save_file():939] saving file wandb-summary.json with policy end
2022-04-03 22:14:46,334 DEBUG   SenderThread:18512 [sender.py:send():234] send: history
2022-04-03 22:14:46,334 DEBUG   SenderThread:18512 [sender.py:send():234] send: summary
2022-04-03 22:14:46,335 INFO    SenderThread:18512 [sender.py:_save_file():939] saving file wandb-summary.json with policy end
2022-04-03 22:14:46,335 DEBUG   SenderThread:18512 [sender.py:send():234] send: history
2022-04-03 22:14:46,335 DEBUG   SenderThread:18512 [sender.py:send():234] send: summary
2022-04-03 22:14:46,336 INFO    SenderThread:18512 [sender.py:_save_file():939] saving file wandb-summary.json with policy end
2022-04-03 22:14:46,336 DEBUG   SenderThread:18512 [sender.py:send():234] send: telemetry
2022-04-03 22:14:46,336 DEBUG   SenderThread:18512 [sender.py:send():234] send: exit
2022-04-03 22:14:46,336 INFO    SenderThread:18512 [sender.py:send_exit():366] handling exit code: 0
2022-04-03 22:14:46,337 INFO    SenderThread:18512 [sender.py:send_exit():368] handling runtime: 22
2022-04-03 22:14:46,337 INFO    SenderThread:18512 [sender.py:_save_file():939] saving file wandb-summary.json with policy end
2022-04-03 22:14:46,337 INFO    SenderThread:18512 [sender.py:send_exit():374] send defer
2022-04-03 22:14:46,337 DEBUG   SenderThread:18512 [sender.py:send_request():248] send_request: poll_exit
2022-04-03 22:14:46,338 DEBUG   SenderThread:18512 [sender.py:send_request():248] send_request: poll_exit
2022-04-03 22:14:46,338 DEBUG   HandlerThread:18512 [handler.py:handle_request():130] handle_request: defer
2022-04-03 22:14:46,338 DEBUG   SenderThread:18512 [sender.py:send():234] send: stats
2022-04-03 22:14:46,338 INFO    HandlerThread:18512 [handler.py:handle_request_defer():147] handle defer: 0
2022-04-03 22:14:46,339 DEBUG   SenderThread:18512 [sender.py:send_request():248] send_request: poll_exit
2022-04-03 22:14:46,339 DEBUG   SenderThread:18512 [sender.py:send_request():248] send_request: poll_exit
2022-04-03 22:14:46,339 DEBUG   SenderThread:18512 [sender.py:send_request():248] send_request: poll_exit
2022-04-03 22:14:46,340 DEBUG   SenderThread:18512 [sender.py:send_request():248] send_request: poll_exit
2022-04-03 22:14:46,340 DEBUG   SenderThread:18512 [sender.py:send_request():248] send_request: poll_exit
2022-04-03 22:14:46,340 DEBUG   SenderThread:18512 [sender.py:send_request():248] send_request: poll_exit
2022-04-03 22:14:46,340 DEBUG   SenderThread:18512 [sender.py:send_request():248] send_request: poll_exit
2022-04-03 22:14:46,341 DEBUG   SenderThread:18512 [sender.py:send():234] send: stats
2022-04-03 22:14:46,341 DEBUG   SenderThread:18512 [sender.py:send_request():248] send_request: defer
2022-04-03 22:14:46,341 INFO    SenderThread:18512 [sender.py:send_request_defer():383] handle sender defer: 0
2022-04-03 22:14:46,341 INFO    SenderThread:18512 [sender.py:transition_state():387] send defer: 1
2022-04-03 22:14:46,342 DEBUG   HandlerThread:18512 [handler.py:handle_request():130] handle_request: defer
2022-04-03 22:14:46,342 INFO    HandlerThread:18512 [handler.py:handle_request_defer():147] handle defer: 1
2022-04-03 22:14:46,437 DEBUG   SenderThread:18512 [sender.py:send_request():248] send_request: defer
2022-04-03 22:14:46,438 INFO    SenderThread:18512 [sender.py:send_request_defer():383] handle sender defer: 1
2022-04-03 22:14:46,438 INFO    SenderThread:18512 [sender.py:transition_state():387] send defer: 2
2022-04-03 22:14:46,438 DEBUG   SenderThread:18512 [sender.py:send():234] send: stats
2022-04-03 22:14:46,439 DEBUG   HandlerThread:18512 [handler.py:handle_request():130] handle_request: defer
2022-04-03 22:14:46,439 INFO    HandlerThread:18512 [handler.py:handle_request_defer():147] handle defer: 2
2022-04-03 22:14:46,439 DEBUG   SenderThread:18512 [sender.py:send_request():248] send_request: defer
2022-04-03 22:14:46,439 INFO    SenderThread:18512 [sender.py:send_request_defer():383] handle sender defer: 2
2022-04-03 22:14:46,439 INFO    SenderThread:18512 [sender.py:transition_state():387] send defer: 3
2022-04-03 22:14:46,440 DEBUG   HandlerThread:18512 [handler.py:handle_request():130] handle_request: defer
2022-04-03 22:14:46,440 INFO    HandlerThread:18512 [handler.py:handle_request_defer():147] handle defer: 3
2022-04-03 22:14:46,440 DEBUG   SenderThread:18512 [sender.py:send():234] send: summary
2022-04-03 22:14:46,441 INFO    SenderThread:18512 [sender.py:_save_file():939] saving file wandb-summary.json with policy end
2022-04-03 22:14:46,441 DEBUG   SenderThread:18512 [sender.py:send_request():248] send_request: defer
2022-04-03 22:14:46,441 INFO    SenderThread:18512 [sender.py:send_request_defer():383] handle sender defer: 3
2022-04-03 22:14:46,441 INFO    SenderThread:18512 [sender.py:transition_state():387] send defer: 4
2022-04-03 22:14:46,442 DEBUG   HandlerThread:18512 [handler.py:handle_request():130] handle_request: defer
2022-04-03 22:14:46,442 INFO    HandlerThread:18512 [handler.py:handle_request_defer():147] handle defer: 4
2022-04-03 22:14:46,442 DEBUG   SenderThread:18512 [sender.py:send_request():248] send_request: defer
2022-04-03 22:14:46,442 INFO    SenderThread:18512 [sender.py:send_request_defer():383] handle sender defer: 4
2022-04-03 22:14:46,446 DEBUG   HandlerThread:18512 [handler.py:handle_request():130] handle_request: poll_exit
2022-04-03 22:14:46,551 INFO    Thread-12 :18512 [dir_watcher.py:_on_file_modified():230] file/dir modified: C:\Users\mahdi\Desktop\Github_Work\1\RSNA-Bone-Age\wandb\run-20220403_221331-1ocvzh9u\files\config.yaml
2022-04-03 22:14:46,551 INFO    Thread-12 :18512 [dir_watcher.py:_on_file_modified():230] file/dir modified: C:\Users\mahdi\Desktop\Github_Work\1\RSNA-Bone-Age\wandb\run-20220403_221331-1ocvzh9u\files\wandb-summary.json
2022-04-03 22:14:51,566 DEBUG   HandlerThread:18512 [handler.py:handle_request():130] handle_request: poll_exit
2022-04-03 22:14:56,685 DEBUG   HandlerThread:18512 [handler.py:handle_request():130] handle_request: poll_exit
2022-04-03 22:15:01,800 DEBUG   HandlerThread:18512 [handler.py:handle_request():130] handle_request: poll_exit
2022-04-03 22:15:06,913 DEBUG   HandlerThread:18512 [handler.py:handle_request():130] handle_request: poll_exit
2022-04-03 22:15:12,025 DEBUG   HandlerThread:18512 [handler.py:handle_request():130] handle_request: poll_exit
2022-04-03 22:15:17,142 DEBUG   HandlerThread:18512 [handler.py:handle_request():130] handle_request: poll_exit
2022-04-03 22:15:22,252 DEBUG   HandlerThread:18512 [handler.py:handle_request():130] handle_request: poll_exit
2022-04-03 22:15:27,375 DEBUG   HandlerThread:18512 [handler.py:handle_request():130] handle_request: poll_exit
2022-04-03 22:15:32,484 DEBUG   HandlerThread:18512 [handler.py:handle_request():130] handle_request: poll_exit
2022-04-03 22:15:33,119 ERROR   SenderThread:18512 [retry.py:__call__():126] Retry attempt failed:
Traceback (most recent call last):
  File "C:\Python\Python39\lib\site-packages\urllib3\connectionpool.py", line 386, in _make_request
    self._validate_conn(conn)
  File "C:\Python\Python39\lib\site-packages\urllib3\connectionpool.py", line 1040, in _validate_conn
    conn.connect()
  File "C:\Python\Python39\lib\site-packages\urllib3\connection.py", line 416, in connect
    self.sock = ssl_wrap_socket(
  File "C:\Python\Python39\lib\site-packages\urllib3\util\ssl_.py", line 449, in ssl_wrap_socket
    ssl_sock = _ssl_wrap_socket_impl(
  File "C:\Python\Python39\lib\site-packages\urllib3\util\ssl_.py", line 493, in _ssl_wrap_socket_impl
    return ssl_context.wrap_socket(sock, server_hostname=server_hostname)
  File "C:\Python\Python39\lib\ssl.py", line 500, in wrap_socket
    return self.sslsocket_class._create(
  File "C:\Python\Python39\lib\ssl.py", line 1040, in _create
    self.do_handshake()
  File "C:\Python\Python39\lib\ssl.py", line 1309, in do_handshake
    self._sslobj.do_handshake()
socket.timeout: _ssl.c:1105: The handshake operation timed out

During handling of the above exception, another exception occurred:

Traceback (most recent call last):
  File "C:\Python\Python39\lib\site-packages\requests\adapters.py", line 440, in send
    resp = conn.urlopen(
  File "C:\Python\Python39\lib\site-packages\urllib3\connectionpool.py", line 785, in urlopen
    retries = retries.increment(
  File "C:\Python\Python39\lib\site-packages\urllib3\util\retry.py", line 550, in increment
    raise six.reraise(type(error), error, _stacktrace)
  File "C:\Python\Python39\lib\site-packages\urllib3\packages\six.py", line 770, in reraise
    raise value
  File "C:\Python\Python39\lib\site-packages\urllib3\connectionpool.py", line 703, in urlopen
    httplib_response = self._make_request(
  File "C:\Python\Python39\lib\site-packages\urllib3\connectionpool.py", line 389, in _make_request
    self._raise_timeout(err=e, url=url, timeout_value=conn.timeout)
  File "C:\Python\Python39\lib\site-packages\urllib3\connectionpool.py", line 340, in _raise_timeout
    raise ReadTimeoutError(
urllib3.exceptions.ReadTimeoutError: HTTPSConnectionPool(host='api.wandb.ai', port=443): Read timed out. (read timeout=10)

During handling of the above exception, another exception occurred:

Traceback (most recent call last):
  File "C:\Python\Python39\lib\site-packages\wandb\sdk\lib\retry.py", line 102, in __call__
    result = self._call_fn(*args, **kwargs)
  File "C:\Python\Python39\lib\site-packages\wandb\sdk\internal\internal_api.py", line 141, in execute
    return self.client.execute(*args, **kwargs)
  File "C:\Python\Python39\lib\site-packages\wandb\vendor\gql-0.2.0\gql\client.py", line 52, in execute
    result = self._get_result(document, *args, **kwargs)
  File "C:\Python\Python39\lib\site-packages\wandb\vendor\gql-0.2.0\gql\client.py", line 60, in _get_result
    return self.transport.execute(document, *args, **kwargs)
  File "C:\Python\Python39\lib\site-packages\wandb\vendor\gql-0.2.0\gql\transport\requests.py", line 38, in execute
    request = requests.post(self.url, **post_args)
  File "C:\Python\Python39\lib\site-packages\requests\api.py", line 117, in post
    return request('post', url, data=data, json=json, **kwargs)
  File "C:\Python\Python39\lib\site-packages\requests\api.py", line 61, in request
    return session.request(method=method, url=url, **kwargs)
  File "C:\Python\Python39\lib\site-packages\requests\sessions.py", line 529, in request
    resp = self.send(prep, **send_kwargs)
  File "C:\Python\Python39\lib\site-packages\requests\sessions.py", line 645, in send
    r = adapter.send(request, **kwargs)
  File "C:\Python\Python39\lib\site-packages\requests\adapters.py", line 532, in send
    raise ReadTimeout(e, request=request)
requests.exceptions.ReadTimeout: HTTPSConnectionPool(host='api.wandb.ai', port=443): Read timed out. (read timeout=10)
2022-04-03 22:15:37,595 DEBUG   HandlerThread:18512 [handler.py:handle_request():130] handle_request: poll_exit
2022-04-03 22:15:42,713 DEBUG   HandlerThread:18512 [handler.py:handle_request():130] handle_request: poll_exit
2022-04-03 22:15:47,827 DEBUG   HandlerThread:18512 [handler.py:handle_request():130] handle_request: poll_exit
2022-04-03 22:15:52,954 DEBUG   HandlerThread:18512 [handler.py:handle_request():130] handle_request: poll_exit
2022-04-03 22:15:56,889 INFO    SenderThread:18512 [sender.py:transition_state():387] send defer: 5
2022-04-03 22:15:56,889 DEBUG   SenderThread:18512 [sender.py:send_request():248] send_request: poll_exit
2022-04-03 22:15:56,890 DEBUG   SenderThread:18512 [sender.py:send_request():248] send_request: poll_exit
2022-04-03 22:15:56,890 DEBUG   SenderThread:18512 [sender.py:send_request():248] send_request: poll_exit
2022-04-03 22:15:56,890 DEBUG   SenderThread:18512 [sender.py:send_request():248] send_request: poll_exit
2022-04-03 22:15:56,890 DEBUG   SenderThread:18512 [sender.py:send_request():248] send_request: poll_exit
2022-04-03 22:15:56,890 DEBUG   SenderThread:18512 [sender.py:send_request():248] send_request: poll_exit
2022-04-03 22:15:56,891 DEBUG   SenderThread:18512 [sender.py:send_request():248] send_request: poll_exit
2022-04-03 22:15:56,891 DEBUG   SenderThread:18512 [sender.py:send_request():248] send_request: poll_exit
2022-04-03 22:15:56,891 DEBUG   SenderThread:18512 [sender.py:send_request():248] send_request: poll_exit
2022-04-03 22:15:56,891 DEBUG   SenderThread:18512 [sender.py:send_request():248] send_request: poll_exit
2022-04-03 22:15:56,891 DEBUG   SenderThread:18512 [sender.py:send_request():248] send_request: poll_exit
2022-04-03 22:15:56,891 DEBUG   SenderThread:18512 [sender.py:send_request():248] send_request: poll_exit
2022-04-03 22:15:56,892 DEBUG   SenderThread:18512 [sender.py:send_request():248] send_request: poll_exit
2022-04-03 22:15:56,892 DEBUG   SenderThread:18512 [sender.py:send_request():248] send_request: poll_exit
2022-04-03 22:15:56,893 DEBUG   HandlerThread:18512 [handler.py:handle_request():130] handle_request: defer
2022-04-03 22:15:56,893 INFO    HandlerThread:18512 [handler.py:handle_request_defer():147] handle defer: 5
2022-04-03 22:15:56,894 DEBUG   SenderThread:18512 [sender.py:send_request():248] send_request: defer
2022-04-03 22:15:56,894 INFO    SenderThread:18512 [sender.py:send_request_defer():383] handle sender defer: 5
2022-04-03 22:15:56,894 INFO    SenderThread:18512 [dir_watcher.py:finish():283] shutting down directory watcher
2022-04-03 22:15:57,010 DEBUG   HandlerThread:18512 [handler.py:handle_request():130] handle_request: poll_exit
2022-04-03 22:15:57,075 INFO    SenderThread:18512 [dir_watcher.py:_on_file_modified():230] file/dir modified: C:\Users\mahdi\Desktop\Github_Work\1\RSNA-Bone-Age\wandb\run-20220403_221331-1ocvzh9u\files\config.yaml
2022-04-03 22:15:57,076 INFO    SenderThread:18512 [dir_watcher.py:finish():313] scan: C:\Users\mahdi\Desktop\Github_Work\1\RSNA-Bone-Age\wandb\run-20220403_221331-1ocvzh9u\files
2022-04-03 22:15:57,076 INFO    SenderThread:18512 [dir_watcher.py:finish():327] scan save: C:\Users\mahdi\Desktop\Github_Work\1\RSNA-Bone-Age\wandb\run-20220403_221331-1ocvzh9u\files\config.yaml config.yaml
2022-04-03 22:15:57,077 INFO    SenderThread:18512 [dir_watcher.py:finish():327] scan save: C:\Users\mahdi\Desktop\Github_Work\1\RSNA-Bone-Age\wandb\run-20220403_221331-1ocvzh9u\files\output.log output.log
2022-04-03 22:15:57,078 INFO    SenderThread:18512 [dir_watcher.py:finish():327] scan save: C:\Users\mahdi\Desktop\Github_Work\1\RSNA-Bone-Age\wandb\run-20220403_221331-1ocvzh9u\files\requirements.txt requirements.txt
2022-04-03 22:15:57,079 INFO    SenderThread:18512 [dir_watcher.py:finish():327] scan save: C:\Users\mahdi\Desktop\Github_Work\1\RSNA-Bone-Age\wandb\run-20220403_221331-1ocvzh9u\files\wandb-metadata.json wandb-metadata.json
2022-04-03 22:15:57,079 INFO    SenderThread:18512 [dir_watcher.py:finish():327] scan save: C:\Users\mahdi\Desktop\Github_Work\1\RSNA-Bone-Age\wandb\run-20220403_221331-1ocvzh9u\files\wandb-summary.json wandb-summary.json
2022-04-03 22:15:57,088 INFO    SenderThread:18512 [sender.py:transition_state():387] send defer: 6
2022-04-03 22:15:57,088 DEBUG   SenderThread:18512 [sender.py:send_request():248] send_request: poll_exit
2022-04-03 22:15:57,090 DEBUG   HandlerThread:18512 [handler.py:handle_request():130] handle_request: defer
2022-04-03 22:15:57,090 INFO    HandlerThread:18512 [handler.py:handle_request_defer():147] handle defer: 6
2022-04-03 22:15:57,095 DEBUG   SenderThread:18512 [sender.py:send_request():248] send_request: defer
2022-04-03 22:15:57,095 INFO    SenderThread:18512 [sender.py:send_request_defer():383] handle sender defer: 6
2022-04-03 22:15:57,096 INFO    SenderThread:18512 [file_pusher.py:finish():177] shutting down file pusher
2022-04-03 22:15:57,211 DEBUG   HandlerThread:18512 [handler.py:handle_request():130] handle_request: poll_exit
2022-04-03 22:15:57,211 DEBUG   SenderThread:18512 [sender.py:send_request():248] send_request: poll_exit
2022-04-03 22:15:57,320 DEBUG   HandlerThread:18512 [handler.py:handle_request():130] handle_request: poll_exit
2022-04-03 22:15:57,320 DEBUG   SenderThread:18512 [sender.py:send_request():248] send_request: poll_exit
2022-04-03 22:15:57,431 DEBUG   HandlerThread:18512 [handler.py:handle_request():130] handle_request: poll_exit
2022-04-03 22:15:57,431 DEBUG   SenderThread:18512 [sender.py:send_request():248] send_request: poll_exit
2022-04-03 22:15:57,540 DEBUG   HandlerThread:18512 [handler.py:handle_request():130] handle_request: poll_exit
2022-04-03 22:15:57,540 DEBUG   SenderThread:18512 [sender.py:send_request():248] send_request: poll_exit
2022-04-03 22:15:57,648 DEBUG   HandlerThread:18512 [handler.py:handle_request():130] handle_request: poll_exit
2022-04-03 22:15:57,649 DEBUG   SenderThread:18512 [sender.py:send_request():248] send_request: poll_exit
2022-04-03 22:15:57,756 DEBUG   HandlerThread:18512 [handler.py:handle_request():130] handle_request: poll_exit
2022-04-03 22:15:57,756 DEBUG   SenderThread:18512 [sender.py:send_request():248] send_request: poll_exit
2022-04-03 22:15:57,864 DEBUG   HandlerThread:18512 [handler.py:handle_request():130] handle_request: poll_exit
2022-04-03 22:15:57,865 DEBUG   SenderThread:18512 [sender.py:send_request():248] send_request: poll_exit
2022-04-03 22:15:57,973 DEBUG   HandlerThread:18512 [handler.py:handle_request():130] handle_request: poll_exit
2022-04-03 22:15:57,974 DEBUG   SenderThread:18512 [sender.py:send_request():248] send_request: poll_exit
2022-04-03 22:15:58,081 DEBUG   HandlerThread:18512 [handler.py:handle_request():130] handle_request: poll_exit
2022-04-03 22:15:58,081 DEBUG   SenderThread:18512 [sender.py:send_request():248] send_request: poll_exit
2022-04-03 22:15:58,192 DEBUG   HandlerThread:18512 [handler.py:handle_request():130] handle_request: poll_exit
2022-04-03 22:15:58,193 DEBUG   SenderThread:18512 [sender.py:send_request():248] send_request: poll_exit
2022-04-03 22:15:58,301 DEBUG   HandlerThread:18512 [handler.py:handle_request():130] handle_request: poll_exit
2022-04-03 22:15:58,301 DEBUG   SenderThread:18512 [sender.py:send_request():248] send_request: poll_exit
2022-04-03 22:15:58,410 DEBUG   HandlerThread:18512 [handler.py:handle_request():130] handle_request: poll_exit
2022-04-03 22:15:58,411 DEBUG   SenderThread:18512 [sender.py:send_request():248] send_request: poll_exit
2022-04-03 22:15:58,521 DEBUG   HandlerThread:18512 [handler.py:handle_request():130] handle_request: poll_exit
2022-04-03 22:15:58,522 DEBUG   SenderThread:18512 [sender.py:send_request():248] send_request: poll_exit
2022-04-03 22:15:58,631 DEBUG   HandlerThread:18512 [handler.py:handle_request():130] handle_request: poll_exit
2022-04-03 22:15:58,632 DEBUG   SenderThread:18512 [sender.py:send_request():248] send_request: poll_exit
2022-04-03 22:15:58,663 INFO    Thread-18 :18512 [upload_job.py:push():137] Uploaded file C:\Users\mahdi\Desktop\Github_Work\1\RSNA-Bone-Age\wandb\run-20220403_221331-1ocvzh9u\files\config.yaml
2022-04-03 22:15:58,686 INFO    Thread-21 :18512 [upload_job.py:push():137] Uploaded file C:\Users\mahdi\Desktop\Github_Work\1\RSNA-Bone-Age\wandb\run-20220403_221331-1ocvzh9u\files\wandb-summary.json
2022-04-03 22:15:58,715 INFO    Thread-19 :18512 [upload_job.py:push():137] Uploaded file C:\Users\mahdi\Desktop\Github_Work\1\RSNA-Bone-Age\wandb\run-20220403_221331-1ocvzh9u\files\output.log
2022-04-03 22:15:58,727 INFO    Thread-20 :18512 [upload_job.py:push():137] Uploaded file C:\Users\mahdi\Desktop\Github_Work\1\RSNA-Bone-Age\wandb\run-20220403_221331-1ocvzh9u\files\requirements.txt
2022-04-03 22:15:58,739 DEBUG   HandlerThread:18512 [handler.py:handle_request():130] handle_request: poll_exit
2022-04-03 22:15:58,740 DEBUG   SenderThread:18512 [sender.py:send_request():248] send_request: poll_exit
2022-04-03 22:15:58,849 DEBUG   HandlerThread:18512 [handler.py:handle_request():130] handle_request: poll_exit
2022-04-03 22:15:58,849 DEBUG   SenderThread:18512 [sender.py:send_request():248] send_request: poll_exit
2022-04-03 22:15:58,941 INFO    Thread-11 :18512 [sender.py:transition_state():387] send defer: 7
2022-04-03 22:15:58,941 DEBUG   HandlerThread:18512 [handler.py:handle_request():130] handle_request: defer
2022-04-03 22:15:58,941 INFO    HandlerThread:18512 [handler.py:handle_request_defer():147] handle defer: 7
2022-04-03 22:15:58,941 DEBUG   SenderThread:18512 [sender.py:send_request():248] send_request: defer
2022-04-03 22:15:58,942 INFO    SenderThread:18512 [sender.py:send_request_defer():383] handle sender defer: 7
2022-04-03 22:15:58,957 DEBUG   HandlerThread:18512 [handler.py:handle_request():130] handle_request: poll_exit
2022-04-03 22:15:59,976 INFO    SenderThread:18512 [sender.py:transition_state():387] send defer: 8
2022-04-03 22:15:59,977 DEBUG   SenderThread:18512 [sender.py:send_request():248] send_request: poll_exit
2022-04-03 22:15:59,979 DEBUG   HandlerThread:18512 [handler.py:handle_request():130] handle_request: defer
2022-04-03 22:15:59,979 INFO    HandlerThread:18512 [handler.py:handle_request_defer():147] handle defer: 8
2022-04-03 22:15:59,979 DEBUG   SenderThread:18512 [sender.py:send_request():248] send_request: defer
2022-04-03 22:15:59,980 INFO    SenderThread:18512 [sender.py:send_request_defer():383] handle sender defer: 8
2022-04-03 22:15:59,980 INFO    SenderThread:18512 [sender.py:transition_state():387] send defer: 9
2022-04-03 22:15:59,982 DEBUG   SenderThread:18512 [sender.py:send():234] send: final
2022-04-03 22:15:59,983 DEBUG   SenderThread:18512 [sender.py:send():234] send: footer
2022-04-03 22:15:59,983 DEBUG   HandlerThread:18512 [handler.py:handle_request():130] handle_request: defer
2022-04-03 22:15:59,984 INFO    HandlerThread:18512 [handler.py:handle_request_defer():147] handle defer: 9
2022-04-03 22:15:59,984 DEBUG   SenderThread:18512 [sender.py:send_request():248] send_request: defer
2022-04-03 22:15:59,984 INFO    SenderThread:18512 [sender.py:send_request_defer():383] handle sender defer: 9
2022-04-03 22:16:00,083 DEBUG   HandlerThread:18512 [handler.py:handle_request():130] handle_request: poll_exit
2022-04-03 22:16:00,084 DEBUG   SenderThread:18512 [sender.py:send_request():248] send_request: poll_exit
2022-04-03 22:16:00,084 INFO    SenderThread:18512 [file_pusher.py:join():182] waiting for file pusher
2022-04-03 22:16:04,252 DEBUG   HandlerThread:18512 [handler.py:handle_request():130] handle_request: get_summary
2022-04-03 22:16:04,252 DEBUG   HandlerThread:18512 [handler.py:handle_request():130] handle_request: sampled_history
2022-04-03 22:16:04,253 DEBUG   HandlerThread:18512 [handler.py:handle_request():130] handle_request: shutdown
2022-04-03 22:16:04,254 INFO    HandlerThread:18512 [handler.py:finish():731] shutting down handler
2022-04-03 22:16:05,011 INFO    WriterThread:18512 [datastore.py:close():281] close: C:\Users\mahdi\Desktop\Github_Work\1\RSNA-Bone-Age\wandb\run-20220403_221331-1ocvzh9u\run-1ocvzh9u.wandb
2022-04-03 22:16:05,257 INFO    SenderThread:18512 [sender.py:finish():1070] shutting down sender
2022-04-03 22:16:05,257 INFO    SenderThread:18512 [file_pusher.py:finish():177] shutting down file pusher
2022-04-03 22:16:05,257 INFO    SenderThread:18512 [file_pusher.py:join():182] waiting for file pusher
2022-04-03 22:16:05,260 INFO    MainThread:18512 [internal.py:handle_exit():77] Internal process exited
